<?xml version="1.0" encoding="UTF-8"?>
<!-- Generated by org.testng.reporters.JUnitXMLReporter -->
<testsuite hostname="STI-D01-PRAKAS" name="Samsung S4" tests="1" failures="0" timestamp="6 Jun 2017 09:44:59 GMT" time="0.389" errors="0">
  <testcase name="@BeforeMethod openApplication" time="0.0" classname="TestCases.TestCases">
    <failure type="java.lang.NullPointerException">
      <![CDATA[java.lang.NullPointerException
	at com.sun.pages.IllinoisLifeInsurePage.isValidPage(IllinoisLifeInsurePage.java:86)
	at com.sun.pages.Page.verifyApplicationInCorrectPage(Page.java:67)
	at com.sun.pages.Page.<init>(Page.java:57)
	at com.sun.pages.IllinoisLifeInsurePage.<init>(IllinoisLifeInsurePage.java:81)
	at com.sun.pages.IllinoisApplication.openIllinoisApplication(IllinoisApplication.java:44)
	at com.sun.pages.IllinoisApplication.openRelevantApplication(IllinoisApplication.java:30)
	at TestCases.TestCases.openApplication(TestCases.java:40)
	at java.util.concurrent.FutureTask.run(FutureTask.java:266)
	at java.util.concurrent.ThreadPoolExecutor.runWorker(ThreadPoolExecutor.java:1142)
	at java.util.concurrent.ThreadPoolExecutor$Worker.run(ThreadPoolExecutor.java:617)
	at java.lang.Thread.run(Thread.java:745)
... Removed 18 stack frames]]>
    </failure>
  </testcase> <!-- @BeforeMethod openApplication -->
  <testcase name="@AfterMethod closeAppication" time="0.0" classname="TestCases.TestCases">
    <skipped/>
  </testcase> <!-- @AfterMethod closeAppication -->
  <testcase name="@AfterMethod tearDown" time="0.0" classname="TestCases.TestCases">
    <skipped/>
  </testcase> <!-- @AfterMethod tearDown -->
  <testcase name="testcase01 on [TestCases passed=0 failed=0 skipped=0]" time="0.0" classname="TestCases.TestCases">
    <skipped/>
  </testcase> <!-- testcase01 on [TestCases passed=0 failed=0 skipped=0] -->
</testsuite> <!-- Samsung S4 -->
