<?xml version="1.0" encoding="UTF-8"?>
<!-- Generated by org.testng.reporters.JUnitXMLReporter -->
<testsuite hostname="STI-D01-PRAKAS" name="Test" tests="2" failures="0" timestamp="19 May 2017 10:15:36 GMT" time="104.546" errors="0">
  <testcase name="testcase01 on [IllinoisRegressionTestCases passed=0 failed=0 skipped=0]" time="1.209" classname="com.sun.regressiontestcases.IllinoisRegressionTestCases"/>
  <testcase name="testcase02 on [IllinoisRegressionTestCases passed=0 failed=0 skipped=0]" time="3.073" classname="com.sun.regressiontestcases.IllinoisRegressionTestCases"/>
</testsuite> <!-- Test -->
