<?xml version="1.0" encoding="UTF-8"?>
<!-- Generated by org.testng.reporters.JUnitXMLReporter -->
<testsuite hostname="STI-D01-SHASHIR" ignored="3" name="Windows2" tests="2" failures="0" timestamp="21 Jun 2017 11:01:55 GMT" time="35.676" errors="0">
  <testcase name="testcase01 on [TestCases passed=0 failed=0 skipped=0]" time="2.587" classname="TestCases.TestCases"/>
  <testcase name="testcase02 on [TestCases passed=0 failed=0 skipped=0]" time="4.301" classname="TestCases.TestCases"/>
  <testcase name="testcase04" time="0.0" classname="TestCases.TestCases">
    <ignored/>
  </testcase> <!-- testcase04 -->
  <testcase name="testcase03" time="0.0" classname="TestCases.TestCases">
    <ignored/>
  </testcase> <!-- testcase03 -->
  <testcase name="testcase05" time="0.0" classname="TestCases.TestCases">
    <ignored/>
  </testcase> <!-- testcase05 -->
</testsuite> <!-- Windows2 -->
