<?xml version="1.0" encoding="UTF-8"?>
<testng-results skipped="0" failed="0" ignored="0" total="1" passed="1">
  <reporter-output>
  </reporter-output>
  <suite name="Default suite" duration-ms="831715" started-at="2017-06-21T11:01:19Z" finished-at="2017-06-21T11:15:10Z">
    <groups>
    </groups>
    <test name="Default test" duration-ms="831715" started-at="2017-06-21T11:01:19Z" finished-at="2017-06-21T11:15:10Z">
      <class name="LaunchScript.LaunchScript">
        <test-method status="PASS" signature="Launch()[pri:0, instance:[LaunchScript passed=0 failed=0 skipped=0]]" name="Launch" duration-ms="831700" started-at="2017-06-21T16:31:19Z" finished-at="2017-06-21T16:45:10Z">
          <reporter-output>
          </reporter-output>
        </test-method> <!-- Launch -->
        <test-method status="PASS" signature="tearDown()[pri:0, instance:[LaunchScript passed=0 failed=0 skipped=0]]" name="tearDown" is-config="true" duration-ms="0" started-at="2017-06-21T16:45:10Z" finished-at="2017-06-21T16:45:10Z">
          <reporter-output>
          </reporter-output>
        </test-method> <!-- tearDown -->
      </class> <!-- LaunchScript.LaunchScript -->
    </test> <!-- Default test -->
  </suite> <!-- Default suite -->
</testng-results>
